<?xml version="1.0" encoding="UTF-8"?>
<!-- Generated by org.testng.reporters.JUnitReportReporter -->
<testsuite hostname="ea6fc439293451c" failures="0" tests="1" name="com.vidhyatharan.sdet.basic.restassured.RegisterApi" time="4.314" errors="0" timestamp="2025-08-10T01:31:37 IST" skipped="0">
  <testcase classname="com.vidhyatharan.sdet.basic.restassured.RegisterApi" name="testRegisterAPI" time="4.314"/>
</testsuite> <!-- com.vidhyatharan.sdet.basic.restassured.RegisterApi -->
