<?xml version="1.0" encoding="UTF-8"?>
<!-- Generated by org.testng.reporters.JUnitReportReporter -->
<testsuite hostname="ea6fc439293451c" failures="0" tests="1" name="testRunner.TestRunner" time="7.441" errors="0" timestamp="2025-08-10T01:29:49 IST" skipped="0">
  <testcase classname="testRunner.TestRunner" name="runScenario" time="7.441"/>
  <system-out/>
</testsuite> <!-- testRunner.TestRunner -->
